<?xml version="1.0" encoding="UTF-8"?>
<!-- Generated by org.testng.reporters.JUnitReportReporter -->
<testsuite skipped="0" hostname="Balajis-MBP.lan" name="googleScreenshotPro.ScreenShot" tests="1" failures="0" timestamp="2022-12-26T19:00:28 CST" time="4.698" errors="0">
  <testcase name="test1" time="4.698" classname="googleScreenshotPro.ScreenShot"/>
  <system-out/>
</testsuite> <!-- googleScreenshotPro.ScreenShot -->
